<?xml version="1.0" encoding="UTF-8"?>
<!-- Generated by org.testng.reporters.JUnitReportReporter -->
<testsuite hostname="hp" failures="0" tests="2" name="datadrivenFramework.dataprovider" time="151.467" errors="0" timestamp="2021-12-05T17:49:43 IST" skipped="0">
  <testcase classname="datadrivenFramework.dataprovider" name="signin" time="71.216"/>
  <system-out/>
  <testcase classname="datadrivenFramework.dataprovider" name="signin" time="80.251"/>
  <system-out/>
</testsuite> <!-- datadrivenFramework.dataprovider -->
