<?xml version="1.0" encoding="UTF-8"?>
<!-- Generated by org.testng.reporters.JUnitReportReporter -->
<testsuite hostname="hp" failures="0" tests="1" name="org.testing.Testscripts.YTFramework.TC_5" time="119.758" errors="0" timestamp="2021-10-25T15:18:48 IST" skipped="0">
  <testcase classname="org.testing.Testscripts.YTFramework.TC_5" name="History" time="119.758"/>
  <system-out/>
</testsuite> <!-- org.testing.Testscripts.YTFramework.TC_5 -->
