<?xml version="1.0" encoding="UTF-8"?>
<!-- Generated by org.testng.reporters.JUnitReportReporter -->
<testsuite hostname="hp" failures="0" tests="1" name="org.testing.Testscripts.YTFramework.facebookdropdown" time="24.323" errors="0" timestamp="2021-11-02T15:27:16 IST" skipped="0">
  <testcase classname="org.testing.Testscripts.YTFramework.facebookdropdown" name="rdropdownoffb" time="24.323"/>
  <system-out/>
</testsuite> <!-- org.testing.Testscripts.YTFramework.facebookdropdown -->
