<?xml version="1.0" encoding="UTF-8"?>
<!-- Generated by org.testng.reporters.JUnitReportReporter -->
<testsuite hostname="hp" failures="0" tests="1" name="org.testing.Testscripts.YTFramework.TC_7" time="46.450" errors="0" timestamp="2021-10-25T18:01:11 IST" skipped="0">
  <testcase classname="org.testing.Testscripts.YTFramework.TC_7" name="History" time="46.450"/>
  <system-out/>
</testsuite> <!-- org.testing.Testscripts.YTFramework.TC_7 -->
