<?xml version="1.0" encoding="UTF-8"?>
<!-- Generated by org.testng.reporters.JUnitReportReporter -->
<testsuite hostname="hp" failures="0" tests="1" name="org.testing.Testscripts.YTFramework.TC_8" time="55.123" errors="0" timestamp="2021-10-25T18:03:49 IST" skipped="0">
  <testcase classname="org.testing.Testscripts.YTFramework.TC_8" name="History" time="55.123"/>
  <system-out/>
</testsuite> <!-- org.testing.Testscripts.YTFramework.TC_8 -->
