<?xml version="1.0" encoding="UTF-8"?>
<!-- Generated by org.testng.reporters.JUnitReportReporter -->
<testsuite hostname="hp" failures="0" tests="1" name="org.testing.Testscripts.YTFramework.TC_2" time="104.013" errors="0" timestamp="2021-11-09T14:27:56 IST" skipped="0">
  <testcase classname="org.testing.Testscripts.YTFramework.TC_2" name="History" time="104.013"/>
  <system-out/>
</testsuite> <!-- org.testing.Testscripts.YTFramework.TC_2 -->
