<?xml version="1.0" encoding="UTF-8"?>
<!-- Generated by org.testng.reporters.JUnitReportReporter -->
<testsuite hostname="hp" failures="0" tests="1" name="org.testing.Testscripts.YTFramework.TC_4" time="86.097" errors="0" timestamp="2021-10-25T15:10:38 IST" skipped="0">
  <testcase classname="org.testing.Testscripts.YTFramework.TC_4" name="History" time="86.097"/>
  <system-out/>
</testsuite> <!-- org.testing.Testscripts.YTFramework.TC_4 -->
