<?xml version="1.0" encoding="UTF-8"?>
<!-- Generated by org.testng.reporters.JUnitReportReporter -->
<testsuite hostname="hp" failures="0" tests="1" name="org.testing.Testscripts.YTFramework.TC_6" time="69.571" errors="0" timestamp="2021-10-26T18:26:26 IST" skipped="0">
  <testcase classname="org.testing.Testscripts.YTFramework.TC_6" name="History" time="69.571"/>
  <system-out/>
</testsuite> <!-- org.testing.Testscripts.YTFramework.TC_6 -->
